<?xml version="1.0" encoding="UTF-8"?>
<!-- Generated by org.testng.reporters.JUnitXMLReporter -->
<testsuite ignored="0" hostname="NTTD-5G3XBS3" failures="1" tests="1" name="Surefire test" time="7.192" errors="0" timestamp="2023-11-07T17:49:51 CET">
  <testcase classname="TestFinal" name="testName" time="3.428">
    <failure type="java.lang.NullPointerException" message="Cannot invoke &amp;quot;org.openqa.selenium.WebElement.click()&amp;quot; because &amp;quot;element&amp;quot; is null">
      <![CDATA[java.lang.NullPointerException: Cannot invoke "org.openqa.selenium.WebElement.click()" because "element" is null
at Project.Base.click(Base.java:72)
at Project.Base.searchLinkAndClickOne(Base.java:82)
at TestFinal.testName(TestFinal.java:48)
at java.base/java.util.ArrayList.forEach(ArrayList.java:1596)
... Removed 30 stack frames]]>
    </failure>
  </testcase> <!-- testName -->
</testsuite> <!-- Surefire test -->
