<?xml version="1.0" encoding="UTF-8"?>
<testng-results ignored="0" total="1" passed="1" failed="0" skipped="0">
  <reporter-output>
  </reporter-output>
  <suite started-at="2023-11-07T13:06:56 CET" name="Surefire suite" finished-at="2023-11-07T13:09:28 CET" duration-ms="152456">
    <groups>
    </groups>
    <test started-at="2023-11-07T13:06:56 CET" name="Surefire test" finished-at="2023-11-07T13:09:28 CET" duration-ms="152456">
      <class name="TestFinal">
        <test-method is-config="true" signature="setup()[pri:0, instance:TestFinal@7ee955a8]" started-at="2023-11-07T13:06:56 CET" name="setup" finished-at="2023-11-07T13:06:58 CET" duration-ms="2731" status="PASS">
          <reporter-output>
          </reporter-output>
        </test-method> <!-- setup -->
        <test-method signature="testName()[pri:0, instance:TestFinal@7ee955a8]" started-at="2023-11-07T13:06:58 CET" name="testName" finished-at="2023-11-07T13:09:28 CET" duration-ms="149381" status="PASS">
          <reporter-output>
          </reporter-output>
        </test-method> <!-- testName -->
        <test-method is-config="true" signature="teardown()[pri:0, instance:TestFinal@7ee955a8]" started-at="2023-11-07T13:09:28 CET" name="teardown" finished-at="2023-11-07T13:09:28 CET" duration-ms="315" status="PASS">
          <reporter-output>
          </reporter-output>
        </test-method> <!-- teardown -->
      </class> <!-- TestFinal -->
    </test> <!-- Surefire test -->
  </suite> <!-- Surefire suite -->
</testng-results>
